C51 COMPILER V9.60.7.0   LCD1602                                                           09/20/2024 08:58:15 PAGE 1   


C51 COMPILER V9.60.7.0, COMPILATION OF MODULE LCD1602
OBJECT MODULE PLACED IN .\Objects\LCD1602.obj
COMPILER INVOKED BY: E:\keil\C51\BIN\C51.EXE LCD1602.c OPTIMIZE(8,SPEED) BROWSE DEBUG OBJECTEXTEND PRINT(.\Listings\LCD1
                    -602.lst) TABS(2) OBJECT(.\Objects\LCD1602.obj)

line level    source

   1          #include <REGX52.H>
   2          
   3          //å¯®æ›¡å‰¼é–°å¶‡ç–†é”›ï¿½
   4          sbit LCD_RS=P2^6;
   5          sbit LCD_RW=P2^5;
   6          sbit LCD_EN=P2^7;
   7          #define LCD_DataPort P0
   8          
   9          //é‘èŠ¥æšŸç€¹æ°«ç®Ÿé”›ï¿½
  10          /**
  11            * @brief  LCD1602å¯¤èˆµæ¤‚é‘èŠ¥æšŸé”›ï¿½12MHzç’‹å†ªæ•¤é™îˆšæ¬¢éƒï¿½1ms
  12            * @param  éƒï¿½
  13            * @retval éƒï¿½
  14            */
  15          void LCD_Delay()
  16          {
  17   1        unsigned char i, j;
  18   1      
  19   1        i = 2;
  20   1        j = 239;
  21   1        do
  22   1        {
  23   2          while (--j);
  24   2        } while (--i);
  25   1      }
  26          
  27          /**
  28            * @brief  LCD1602éæ¬æ‡¡æµ ï¿½
  29            * @param  Command ç‘•ä½¸å•“éãƒ§æ®‘é›æˆ’æŠ¤
  30            * @retval éƒï¿½
  31            */
  32          void LCD_WriteCommand(unsigned char Command)
  33          {
  34   1        LCD_RS=0;
  35   1        LCD_RW=0;
  36   1        LCD_DataPort=Command;
  37   1        LCD_EN=1;
  38   1        LCD_Delay();
  39   1        LCD_EN=0;
  40   1        LCD_Delay();
  41   1      }
  42          
  43          /**
  44            * @brief  LCD1602éæ¬æšŸé¹ï¿½
  45            * @param  Data ç‘•ä½¸å•“éãƒ§æ®‘éç‰ˆåµ
  46            * @retval éƒï¿½
  47            */
  48          void LCD_WriteData(unsigned char Data)
  49          {
  50   1        LCD_RS=1;
  51   1        LCD_RW=0;
  52   1        LCD_DataPort=Data;
  53   1        LCD_EN=1;
  54   1        LCD_Delay();
C51 COMPILER V9.60.7.0   LCD1602                                                           09/20/2024 08:58:15 PAGE 2   

  55   1        LCD_EN=0;
  56   1        LCD_Delay();
  57   1      }
  58          
  59          /**
  60            * @brief  LCD1602ç’å‰§ç–†éå¤‹çˆ£æµ£å¶‡ç–†
  61            * @param  Line ç›å±¼ç¶…ç¼ƒî‡†ç´é‘¼å†¨æ´¿é”›ï¿½1~2
  62            * @param  Column é’æ¤¾ç¶…ç¼ƒî‡†ç´é‘¼å†¨æ´¿é”›ï¿½1~16
  63            * @retval éƒï¿½
  64            */
  65          void LCD_SetCursor(unsigned char Line,unsigned char Column)
  66          {
  67   1        if(Line==1)
  68   1        {
  69   2          LCD_WriteCommand(0x80|(Column-1));
  70   2        }
  71   1        else if(Line==2)
  72   1        {
  73   2          LCD_WriteCommand(0x80|(Column-1+0x40));
  74   2        }
  75   1      }
  76          
  77          /**
  78            * @brief  LCD1602é’æ¿†îé–æ §åš±éï¿½
  79            * @param  éƒï¿½
  80            * @retval éƒï¿½
  81            */
  82          void LCD_Init()
  83          {
  84   1        LCD_WriteCommand(0x38);//éî‚¡ç¶…éç‰ˆåµéºãƒ¥å½›é”›å±¼è¢±ç›å±¾æ¨‰ç»€çŒ´ç´5*7éå½’æ¨€
  85   1        LCD_WriteCommand(0x0c);//é„å‰§ãšå¯®â‚¬é”›å±½åœéå›§å§é”›å²„æ£¯é‘ä½¸å§
  86   1        LCD_WriteCommand(0x06);//éç‰ˆåµç’‡è¯²å•“é¿å¶„ç¶”éšåº¯ç´éå¤‹çˆ£é‘·î„å§©é”çŠ±ç«´é”›å²€æ•¾é—ˆî­ç¬
             -‰é”ï¿½
  87   1        LCD_WriteCommand(0x01);//éå¤‹çˆ£æ¾¶å¶„ç¶…é”›å±¾ç«»çï¿½
  88   1      }
  89          
  90          /**
  91            * @brief  é¦â†™CD1602é¸å›§ç•¾æµ£å¶‡ç–†æ¶“å©ƒæ¨‰ç»€è½°ç«´æ¶“î„ç“§ç»—ï¿½
  92            * @param  Line ç›å±¼ç¶…ç¼ƒî‡†ç´é‘¼å†¨æ´¿é”›ï¿½1~2
  93            * @param  Column é’æ¤¾ç¶…ç¼ƒî‡†ç´é‘¼å†¨æ´¿é”›ï¿½1~16
  94            * @param  Char ç‘•ä½¹æ¨‰ç»€è™¹æ®‘ç€›æ¥ƒîƒ
  95            * @retval éƒï¿½
  96            */
  97          void LCD_ShowChar(unsigned char Line,unsigned char Column,char Char)
  98          {
  99   1        LCD_SetCursor(Line,Column);
 100   1        LCD_WriteData(Char);
 101   1      }
 102          
 103          /**
 104            * @brief  é¦â†™CD1602é¸å›§ç•¾æµ£å¶‡ç–†å¯®â‚¬æ¿®å¬«æ¨‰ç»€çƒ˜å¢ç¼æ¬ç“§ç»—ï¸¿è¦†
 105            * @param  Line ç’§å³°îç›å±¼ç¶…ç¼ƒî‡†ç´é‘¼å†¨æ´¿é”›ï¿½1~2
 106            * @param  Column ç’§å³°îé’æ¤¾ç¶…ç¼ƒî‡†ç´é‘¼å†¨æ´¿é”›ï¿½1~16
 107            * @param  String ç‘•ä½¹æ¨‰ç»€è™¹æ®‘ç€›æ¥ƒîƒæ¶“ï¿½
 108            * @retval éƒï¿½
 109            */
 110          void LCD_ShowString(unsigned char Line,unsigned char Column,char *String)
 111          {
 112   1        unsigned char i;
 113   1        LCD_SetCursor(Line,Column);
 114   1        for(i=0;String[i]!='\0';i++)
 115   1        {
C51 COMPILER V9.60.7.0   LCD1602                                                           09/20/2024 08:58:15 PAGE 3   

 116   2          LCD_WriteData(String[i]);
 117   2        }
 118   1      }
 119          
 120          /**
 121            * @brief  æ©æ–¿æ´–éŠï¿½=Xé¨åˆŒå¨†â„ƒæŸŸ
 122            */
 123          int LCD_Pow(int X,int Y)
 124          {
 125   1        unsigned char i;
 126   1        int Result=1;
 127   1        for(i=0;i<Y;i++)
 128   1        {
 129   2          Result*=X;
 130   2        }
 131   1        return Result;
 132   1      } /** * @brief  é¦â†™CD1602é¸å›§ç•¾æµ£å¶‡ç–†å¯®â‚¬æ¿®å¬«æ¨‰ç»€çƒ˜å¢ç¼æ¬æšŸç€›ï¿½
 133            * @param  Line ç’§å³°îç›å±¼ç¶…ç¼ƒî‡†ç´é‘¼å†¨æ´¿é”›ï¿½1~2
 134            * @param  Column ç’§å³°îé’æ¤¾ç¶…ç¼ƒî‡†ç´é‘¼å†¨æ´¿é”›ï¿½1~16
 135            * @param  Number ç‘•ä½¹æ¨‰ç»€è™¹æ®‘éæ¿ç“§é”›å²ƒå¯–é¥è¾¾ç´°0~65535
 136            * @param  Length ç‘•ä½¹æ¨‰ç»€çƒ˜æšŸç€›æ¥ƒæ®‘é—€å®å®³é”›å²ƒå¯–é¥è¾¾ç´°1~5
 137            * @retval éƒï¿½
 138            */
 139          void LCD_ShowNum(unsigned char Line,unsigned char Column,unsigned int Number,unsigned char Length)
 140          {
 141   1        unsigned char i;
 142   1        LCD_SetCursor(Line,Column);
 143   1        for(i=Length;i>0;i--)
 144   1        {
 145   2          LCD_WriteData(Number/LCD_Pow(10,i-1)%10+'0');
 146   2        }
 147   1      }
 148          
 149          /**
 150            * @brief  é¦â†™CD1602é¸å›§ç•¾æµ£å¶‡ç–†å¯®â‚¬æ¿®å¬©äº’éˆå¤Œîƒé™å³°å´„æ©æ¶˜åŸ—é„å‰§ãšéµâ‚¬ç¼æ¬æ
             -šŸç€›ï¿½
 151            * @param  Line ç’§å³°îç›å±¼ç¶…ç¼ƒî‡†ç´é‘¼å†¨æ´¿é”›ï¿½1~2
 152            * @param  Column ç’§å³°îé’æ¤¾ç¶…ç¼ƒî‡†ç´é‘¼å†¨æ´¿é”›ï¿½1~16
 153            * @param  Number ç‘•ä½¹æ¨‰ç»€è™¹æ®‘éæ¿ç“§é”›å²ƒå¯–é¥è¾¾ç´°-32768~32767
 154            * @param  Length ç‘•ä½¹æ¨‰ç»€çƒ˜æšŸç€›æ¥ƒæ®‘é—€å®å®³é”›å²ƒå¯–é¥è¾¾ç´°1~5
 155            * @retval éƒï¿½
 156            */
 157          void LCD_ShowSignedNum(unsigned char Line,unsigned char Column,int Number,unsigned char Length)
 158          {
 159   1        unsigned char i;
 160   1        unsigned int Number1;
 161   1        LCD_SetCursor(Line,Column);
 162   1        if(Number>=0)
 163   1        {
 164   2          LCD_WriteData('+');
 165   2          Number1=Number;
 166   2        }
 167   1        else
 168   1        {
 169   2          LCD_WriteData('-');
 170   2          Number1=-Number;
 171   2        }
 172   1        for(i=Length;i>0;i--)
 173   1        {
 174   2          LCD_WriteData(Number1/LCD_Pow(10,i-1)%10+'0');
 175   2        }
 176   1      }
C51 COMPILER V9.60.7.0   LCD1602                                                           09/20/2024 08:58:15 PAGE 4   

 177          
 178          /**
 179            * @brief  é¦â†™CD1602é¸å›§ç•¾æµ£å¶‡ç–†å¯®â‚¬æ¿®å¬©äº’é—ä½¸åšæ©æ¶˜åŸ—é„å‰§ãšéµâ‚¬ç¼æ¬æšŸç€›ï¿½
 180            * @param  Line ç’§å³°îç›å±¼ç¶…ç¼ƒî‡†ç´é‘¼å†¨æ´¿é”›ï¿½1~2
 181            * @param  Column ç’§å³°îé’æ¤¾ç¶…ç¼ƒî‡†ç´é‘¼å†¨æ´¿é”›ï¿½1~16
 182            * @param  Number ç‘•ä½¹æ¨‰ç»€è™¹æ®‘éæ¿ç“§é”›å²ƒå¯–é¥è¾¾ç´°0~0xFFFF
 183            * @param  Length ç‘•ä½¹æ¨‰ç»€çƒ˜æšŸç€›æ¥ƒæ®‘é—€å®å®³é”›å²ƒå¯–é¥è¾¾ç´°1~4
 184            * @retval éƒï¿½
 185            */
 186          void LCD_ShowHexNum(unsigned char Line,unsigned char Column,unsigned int Number,unsigned char Length)
 187          {
 188   1        unsigned char i,SingleNumber;
 189   1        LCD_SetCursor(Line,Column);
 190   1        for(i=Length;i>0;i--)
 191   1        {
 192   2          SingleNumber=Number/LCD_Pow(16,i-1)%16;
 193   2          if(SingleNumber<10)
 194   2          {
 195   3            LCD_WriteData(SingleNumber+'0');
 196   3          }
 197   2          else
 198   2          {
 199   3            LCD_WriteData(SingleNumber-10+'A');
 200   3          }
 201   2        }
 202   1      }
 203          
 204          /**
 205            * @brief  é¦â†™CD1602é¸å›§ç•¾æµ£å¶‡ç–†å¯®â‚¬æ¿®å¬©äº’æµœå²ƒç¹˜é’èˆµæ¨‰ç»€çƒ˜å¢ç¼æ¬æšŸç€›ï¿½
 206            * @param  Line ç’§å³°îç›å±¼ç¶…ç¼ƒî‡†ç´é‘¼å†¨æ´¿é”›ï¿½1~2
 207            * @param  Column ç’§å³°îé’æ¤¾ç¶…ç¼ƒî‡†ç´é‘¼å†¨æ´¿é”›ï¿½1~16
 208            * @param  Number ç‘•ä½¹æ¨‰ç»€è™¹æ®‘éæ¿ç“§é”›å²ƒå¯–é¥è¾¾ç´°0~1111 1111 1111 1111
 209            * @param  Length ç‘•ä½¹æ¨‰ç»€çƒ˜æšŸç€›æ¥ƒæ®‘é—€å®å®³é”›å²ƒå¯–é¥è¾¾ç´°1~16
 210            * @retval éƒï¿½
 211            */
 212          void LCD_ShowBinNum(unsigned char Line,unsigned char Column,unsigned int Number,unsigned char Length)
 213          {
 214   1        unsigned char i;
 215   1        LCD_SetCursor(Line,Column);
 216   1        for(i=Length;i>0;i--)
 217   1        {
 218   2          LCD_WriteData(Number/LCD_Pow(2,i-1)%2+'0');
 219   2        }
 220   1      }


MODULE INFORMATION:   STATIC OVERLAYABLE
   CODE SIZE        =    393    ----
   CONSTANT SIZE    =   ----    ----
   XDATA SIZE       =   ----    ----
   PDATA SIZE       =   ----    ----
   DATA SIZE        =   ----      29
   IDATA SIZE       =   ----    ----
   BIT SIZE         =   ----    ----
END OF MODULE INFORMATION.


C51 COMPILATION COMPLETE.  0 WARNING(S),  0 ERROR(S)
